info it worked if it ends with ok
verbose cli [ '/shared/software/c9/support/node-c9-builds/bin/node-sunos-v0.6.8-security',
verbose cli   '/shared/users/$ty/tyburg/npm/bin/npm-cli.js',
verbose cli   'install',
verbose cli   'http' ]
info using npm@1.0.106
info using node@v0.6.8
verbose config file /root/.npmrc
verbose config file /shared/software/c9/support/node-c9-builds/etc/npmrc
verbose config file /shared/users/$ty/tyburg/npm/npmrc
silly testEngine { name: 'socket.io',
silly testEngine   version: '0.9.5',
silly testEngine   description: 'Real-time apps made cross-browser & easy with a WebSocket-like API',
silly testEngine   homepage: 'http://socket.io',
silly testEngine   keywords: [ 'websocket', 'socket', 'realtime', 'socket.io', 'comet', 'ajax' ],
silly testEngine   author: { name: 'Guillermo Rauch', email: 'guillermo@learnboost.com' },
silly testEngine   contributors: 
silly testEngine    [ { name: 'Guillermo Rauch', email: 'rauchg@gmail.com' },
silly testEngine      { name: 'Arnout Kazemier', email: 'info@3rd-eden.com' },
silly testEngine      { name: 'Vladimir Dronnikov', email: 'dronnikov@gmail.com' },
silly testEngine      { name: 'Einar Otto Stangvik', email: 'einaros@gmail.com' } ],
silly testEngine   repository: 
silly testEngine    { type: 'git',
silly testEngine      url: 'git://github.com/LearnBoost/socket.io.git' },
silly testEngine   dependencies: 
silly testEngine    { 'socket.io-client': '0.9.5',
silly testEngine      policyfile: '0.0.4',
silly testEngine      redis: '0.6.7' },
silly testEngine   devDependencies: 
silly testEngine    { expresso: '0.9.2',
silly testEngine      should: '0.0.4',
silly testEngine      benchmark: '0.2.2',
silly testEngine      microtime: '0.1.3-1',
silly testEngine      colors: '0.5.1' },
silly testEngine   main: 'index',
silly testEngine   engines: { node: '>= 0.4.0' },
silly testEngine   scripts: { test: 'make test' },
silly testEngine   _id: 'socket.io@0.9.5',
silly testEngine   _engineSupported: true,
silly testEngine   _npmVersion: '1.0.106',
silly testEngine   _nodeVersion: 'v0.6.8',
silly testEngine   _defaultsLoaded: true }
verbose caching /shared/users/$ty/tyburg/169842/node_modules/socket.io/package.json
verbose loadDefaults socket.io@0.9.5
silly testEngine { name: 'express',
silly testEngine   description: 'Sinatra inspired web development framework',
silly testEngine   version: '2.5.9',
silly testEngine   author: { name: 'TJ Holowaychuk', email: 'tj@vision-media.ca' },
silly testEngine   contributors: 
silly testEngine    [ { name: 'TJ Holowaychuk', email: 'tj@vision-media.ca' },
silly testEngine      { name: 'Aaron Heckmann',
silly testEngine        email: 'aaron.heckmann+github@gmail.com' },
silly testEngine      { name: 'Ciaran Jessup', email: 'ciaranj@gmail.com' },
silly testEngine      { name: 'Guillermo Rauch', email: 'rauchg@gmail.com' } ],
silly testEngine   dependencies: { connect: '1.x', mime: '1.2.4', qs: '0.4.x', mkdirp: '0.3.0' },
silly testEngine   devDependencies: 
silly testEngine    { 'connect-form': '0.2.1',
silly testEngine      ejs: '0.4.2',
silly testEngine      expresso: '0.9.2',
silly testEngine      hamljs: '0.6.x',
silly testEngine      jade: '0.16.2',
silly testEngine      stylus: '0.13.0',
silly testEngine      should: '0.3.2',
silly testEngine      'express-messages': '0.0.2',
silly testEngine      'node-markdown': '>= 0.0.1',
silly testEngine      'connect-redis': '>= 0.0.1' },
silly testEngine   keywords: [ 'framework', 'sinatra', 'web', 'rest', 'restful' ],
silly testEngine   repository: { type: 'git', url: 'git://github.com/visionmedia/express.git' },
silly testEngine   main: 'index',
silly testEngine   bin: { express: './bin/express' },
silly testEngine   scripts: { test: 'make test', prepublish: 'npm prune' },
silly testEngine   engines: { node: '>= 0.4.1 < 0.7.0' },
silly testEngine   _id: 'express@2.5.9',
silly testEngine   _engineSupported: true,
silly testEngine   _npmVersion: '1.0.106',
silly testEngine   _nodeVersion: 'v0.6.8',
silly testEngine   _defaultsLoaded: true }
verbose caching /shared/users/$ty/tyburg/169842/node_modules/express/package.json
verbose loadDefaults express@2.5.9
silly testEngine { name: 'html',
silly testEngine   version: '0.0.1',
silly testEngine   engines: [ 'node >=0.4.0', node: ' >=0.4.0' ],
silly testEngine   description: 'HTML pretty printer.',
silly testEngine   author: 
silly testEngine    { name: 'Max Ogden',
silly testEngine      email: 'max@maxogden.com',
silly testEngine      url: 'http://maxogden.com' },
silly testEngine   contributors: 
silly testEngine    [ { name: 'Nochum Sossonko', email: 'nsossonko@hotmail.com' },
silly testEngine      { name: 'Einar Lielmanis', email: 'elfz@laacz.lv' } ],
silly testEngine   keywords: 
silly testEngine    [ 'html',
silly testEngine      'tabifier',
silly testEngine      'beautifier',
silly testEngine      'prettyprinter',
silly testEngine      'prettifier',
silly testEngine      'pretty',
silly testEngine      'command',
silly testEngine      'shell' ],
silly testEngine   repository: 
silly testEngine    { type: 'git',
silly testEngine      url: 'git://github.com/maxogden/commonjs-html-prettyprinter.git' },
silly testEngine   bin: { html: './bin/html.js' },
silly testEngine   _id: 'html@0.0.1',
silly testEngine   dependencies: {},
silly testEngine   devDependencies: {},
silly testEngine   _engineSupported: true,
silly testEngine   _npmVersion: '1.0.106',
silly testEngine   _nodeVersion: 'v0.6.8',
silly testEngine   _defaultsLoaded: true }
verbose caching /shared/users/$ty/tyburg/169842/node_modules/html/package.json
verbose loadDefaults html@0.0.1
silly testEngine { name: 'jade',
silly testEngine   description: 'Jade template engine',
silly testEngine   version: '0.24.0',
silly testEngine   author: { name: 'TJ Holowaychuk', email: 'tj@vision-media.ca' },
silly testEngine   repository: { type: 'git', url: 'git://github.com/visionmedia/jade.git' },
silly testEngine   main: './index.js',
silly testEngine   bin: { jade: './bin/jade' },
silly testEngine   man: [ './jade.1' ],
silly testEngine   dependencies: { commander: '0.5.2', mkdirp: '0.3.0' },
silly testEngine   devDependencies: 
silly testEngine    { mocha: '*',
silly testEngine      'coffee-script': '*',
silly testEngine      markdown: '*',
silly testEngine      stylus: '*',
silly testEngine      uubench: '*',
silly testEngine      should: '*',
silly testEngine      less: '*',
silly testEngine      'uglify-js': '*' },
silly testEngine   scripts: { prepublish: 'npm prune' },
silly testEngine   engines: { node: '>= 0.1.98' },
silly testEngine   _id: 'jade@0.24.0',
silly testEngine   _engineSupported: true,
silly testEngine   _npmVersion: '1.0.106',
silly testEngine   _nodeVersion: 'v0.6.8',
silly testEngine   _defaultsLoaded: true }
verbose caching /shared/users/$ty/tyburg/169842/node_modules/jade/package.json
verbose loadDefaults jade@0.24.0
silly testEngine { name: 'twitter-node',
silly testEngine   description: 'node.js stream API for the twitter streaming HTTP API',
silly testEngine   version: '0.0.2',
silly testEngine   author: { name: 'technoweenie' },
silly testEngine   repository: 
silly testEngine    { type: 'git',
silly testEngine      url: 'git://github.com/technoweenie/twitter-node.git' },
silly testEngine   engine: [ 'node >=0.2.0' ],
silly testEngine   main: './lib/twitter-node',
silly testEngine   _id: 'twitter-node@0.0.2',
silly testEngine   dependencies: {},
silly testEngine   devDependencies: {},
silly testEngine   engines: { node: '*' },
silly testEngine   _engineSupported: true,
silly testEngine   _npmVersion: '1.0.106',
silly testEngine   _nodeVersion: 'v0.6.8',
silly testEngine   _defaultsLoaded: true }
verbose caching /shared/users/$ty/tyburg/169842/node_modules/twitter-node/package.json
verbose loadDefaults twitter-node@0.0.2
verbose into /shared/users/$ty/tyburg/169842 [ 'http' ]
verbose cache add http
verbose cache add [ 'http', null ]
silly cache add: name, spec, args [ undefined, 'http', [ 'http', null ] ]
verbose parsed url { pathname: 'http', path: 'http', href: 'http' }
info addNamed [ 'http', '' ]
verbose addNamed [ null, '' ]
verbose GET http
verbose raw, before any munging http
verbose url resolving [ 'https://registry.npmjs.org/', './http' ]
verbose url resolved https://registry.npmjs.org/http
silly get cb [ 404,
silly get cb   { server: 'CouchDB/1.2.0 (Erlang OTP/R15B)',
silly get cb     date: 'Sat, 14 Apr 2012 19:43:46 GMT',
silly get cb     'content-type': 'application/json',
silly get cb     'content-length': '52',
silly get cb     'cache-control': 'must-revalidate' } ]
ERR! 404 'http' is not in the npm registry.
ERR! 404 You could maybe bug the author to publish it
ERR! 404 Note that you can also install from a tarball or folder.
ERR! 
ERR! System SunOS 5.11
ERR! command "/shared/software/c9/support/node-c9-builds/bin/node-sunos-v0.6.8-security" "/shared/users/$ty/tyburg/npm/bin/npm-cli.js" "install" "http"
ERR! cwd /shared/users/$ty/tyburg/169842
ERR! node -v v0.6.8
ERR! npm -v 1.0.106
ERR! code E404
verbose exit [ 1, true ]
